                                      1 ;--------------------------------------------------------
                                      2 ; File Created by SDCC : free open source ANSI-C Compiler
                                      3 ; Version 3.8.0 #10562 (Linux)
                                      4 ;--------------------------------------------------------
                                      5 	.module lab9
                                      6 	.optsdcc -mmcs51 --model-small
                                      7 	
                                      8 ;--------------------------------------------------------
                                      9 ; Public variables in this module
                                     10 ;--------------------------------------------------------
                                     11 	.globl _main
                                     12 	.globl _CY
                                     13 	.globl _AC
                                     14 	.globl _F0
                                     15 	.globl _RS1
                                     16 	.globl _RS0
                                     17 	.globl _OV
                                     18 	.globl _F1
                                     19 	.globl _P
                                     20 	.globl _PS
                                     21 	.globl _PT1
                                     22 	.globl _PX1
                                     23 	.globl _PT0
                                     24 	.globl _PX0
                                     25 	.globl _RD
                                     26 	.globl _WR
                                     27 	.globl _T1
                                     28 	.globl _T0
                                     29 	.globl _INT1
                                     30 	.globl _INT0
                                     31 	.globl _TXD
                                     32 	.globl _RXD
                                     33 	.globl _P3_7
                                     34 	.globl _P3_6
                                     35 	.globl _P3_5
                                     36 	.globl _P3_4
                                     37 	.globl _P3_3
                                     38 	.globl _P3_2
                                     39 	.globl _P3_1
                                     40 	.globl _P3_0
                                     41 	.globl _EA
                                     42 	.globl _ES
                                     43 	.globl _ET1
                                     44 	.globl _EX1
                                     45 	.globl _ET0
                                     46 	.globl _EX0
                                     47 	.globl _P2_7
                                     48 	.globl _P2_6
                                     49 	.globl _P2_5
                                     50 	.globl _P2_4
                                     51 	.globl _P2_3
                                     52 	.globl _P2_2
                                     53 	.globl _P2_1
                                     54 	.globl _P2_0
                                     55 	.globl _SM0
                                     56 	.globl _SM1
                                     57 	.globl _SM2
                                     58 	.globl _REN
                                     59 	.globl _TB8
                                     60 	.globl _RB8
                                     61 	.globl _TI
                                     62 	.globl _RI
                                     63 	.globl _P1_7
                                     64 	.globl _P1_6
                                     65 	.globl _P1_5
                                     66 	.globl _P1_4
                                     67 	.globl _P1_3
                                     68 	.globl _P1_2
                                     69 	.globl _P1_1
                                     70 	.globl _P1_0
                                     71 	.globl _TF1
                                     72 	.globl _TR1
                                     73 	.globl _TF0
                                     74 	.globl _TR0
                                     75 	.globl _IE1
                                     76 	.globl _IT1
                                     77 	.globl _IE0
                                     78 	.globl _IT0
                                     79 	.globl _P0_7
                                     80 	.globl _P0_6
                                     81 	.globl _P0_5
                                     82 	.globl _P0_4
                                     83 	.globl _P0_3
                                     84 	.globl _P0_2
                                     85 	.globl _P0_1
                                     86 	.globl _P0_0
                                     87 	.globl _B
                                     88 	.globl _ACC
                                     89 	.globl _PSW
                                     90 	.globl _IP
                                     91 	.globl _P3
                                     92 	.globl _IE
                                     93 	.globl _P2
                                     94 	.globl _SBUF
                                     95 	.globl _SCON
                                     96 	.globl _P1
                                     97 	.globl _TH1
                                     98 	.globl _TH0
                                     99 	.globl _TL1
                                    100 	.globl _TL0
                                    101 	.globl _TMOD
                                    102 	.globl _TCON
                                    103 	.globl _PCON
                                    104 	.globl _DPH
                                    105 	.globl _DPL
                                    106 	.globl _SP
                                    107 	.globl _P0
                                    108 	.globl _x
                                    109 	.globl _i
                                    110 ;--------------------------------------------------------
                                    111 ; special function registers
                                    112 ;--------------------------------------------------------
                                    113 	.area RSEG    (ABS,DATA)
      000000                        114 	.org 0x0000
                           000080   115 _P0	=	0x0080
                           000081   116 _SP	=	0x0081
                           000082   117 _DPL	=	0x0082
                           000083   118 _DPH	=	0x0083
                           000087   119 _PCON	=	0x0087
                           000088   120 _TCON	=	0x0088
                           000089   121 _TMOD	=	0x0089
                           00008A   122 _TL0	=	0x008a
                           00008B   123 _TL1	=	0x008b
                           00008C   124 _TH0	=	0x008c
                           00008D   125 _TH1	=	0x008d
                           000090   126 _P1	=	0x0090
                           000098   127 _SCON	=	0x0098
                           000099   128 _SBUF	=	0x0099
                           0000A0   129 _P2	=	0x00a0
                           0000A8   130 _IE	=	0x00a8
                           0000B0   131 _P3	=	0x00b0
                           0000B8   132 _IP	=	0x00b8
                           0000D0   133 _PSW	=	0x00d0
                           0000E0   134 _ACC	=	0x00e0
                           0000F0   135 _B	=	0x00f0
                                    136 ;--------------------------------------------------------
                                    137 ; special function bits
                                    138 ;--------------------------------------------------------
                                    139 	.area RSEG    (ABS,DATA)
      000000                        140 	.org 0x0000
                           000080   141 _P0_0	=	0x0080
                           000081   142 _P0_1	=	0x0081
                           000082   143 _P0_2	=	0x0082
                           000083   144 _P0_3	=	0x0083
                           000084   145 _P0_4	=	0x0084
                           000085   146 _P0_5	=	0x0085
                           000086   147 _P0_6	=	0x0086
                           000087   148 _P0_7	=	0x0087
                           000088   149 _IT0	=	0x0088
                           000089   150 _IE0	=	0x0089
                           00008A   151 _IT1	=	0x008a
                           00008B   152 _IE1	=	0x008b
                           00008C   153 _TR0	=	0x008c
                           00008D   154 _TF0	=	0x008d
                           00008E   155 _TR1	=	0x008e
                           00008F   156 _TF1	=	0x008f
                           000090   157 _P1_0	=	0x0090
                           000091   158 _P1_1	=	0x0091
                           000092   159 _P1_2	=	0x0092
                           000093   160 _P1_3	=	0x0093
                           000094   161 _P1_4	=	0x0094
                           000095   162 _P1_5	=	0x0095
                           000096   163 _P1_6	=	0x0096
                           000097   164 _P1_7	=	0x0097
                           000098   165 _RI	=	0x0098
                           000099   166 _TI	=	0x0099
                           00009A   167 _RB8	=	0x009a
                           00009B   168 _TB8	=	0x009b
                           00009C   169 _REN	=	0x009c
                           00009D   170 _SM2	=	0x009d
                           00009E   171 _SM1	=	0x009e
                           00009F   172 _SM0	=	0x009f
                           0000A0   173 _P2_0	=	0x00a0
                           0000A1   174 _P2_1	=	0x00a1
                           0000A2   175 _P2_2	=	0x00a2
                           0000A3   176 _P2_3	=	0x00a3
                           0000A4   177 _P2_4	=	0x00a4
                           0000A5   178 _P2_5	=	0x00a5
                           0000A6   179 _P2_6	=	0x00a6
                           0000A7   180 _P2_7	=	0x00a7
                           0000A8   181 _EX0	=	0x00a8
                           0000A9   182 _ET0	=	0x00a9
                           0000AA   183 _EX1	=	0x00aa
                           0000AB   184 _ET1	=	0x00ab
                           0000AC   185 _ES	=	0x00ac
                           0000AF   186 _EA	=	0x00af
                           0000B0   187 _P3_0	=	0x00b0
                           0000B1   188 _P3_1	=	0x00b1
                           0000B2   189 _P3_2	=	0x00b2
                           0000B3   190 _P3_3	=	0x00b3
                           0000B4   191 _P3_4	=	0x00b4
                           0000B5   192 _P3_5	=	0x00b5
                           0000B6   193 _P3_6	=	0x00b6
                           0000B7   194 _P3_7	=	0x00b7
                           0000B0   195 _RXD	=	0x00b0
                           0000B1   196 _TXD	=	0x00b1
                           0000B2   197 _INT0	=	0x00b2
                           0000B3   198 _INT1	=	0x00b3
                           0000B4   199 _T0	=	0x00b4
                           0000B5   200 _T1	=	0x00b5
                           0000B6   201 _WR	=	0x00b6
                           0000B7   202 _RD	=	0x00b7
                           0000B8   203 _PX0	=	0x00b8
                           0000B9   204 _PT0	=	0x00b9
                           0000BA   205 _PX1	=	0x00ba
                           0000BB   206 _PT1	=	0x00bb
                           0000BC   207 _PS	=	0x00bc
                           0000D0   208 _P	=	0x00d0
                           0000D1   209 _F1	=	0x00d1
                           0000D2   210 _OV	=	0x00d2
                           0000D3   211 _RS0	=	0x00d3
                           0000D4   212 _RS1	=	0x00d4
                           0000D5   213 _F0	=	0x00d5
                           0000D6   214 _AC	=	0x00d6
                           0000D7   215 _CY	=	0x00d7
                                    216 ;--------------------------------------------------------
                                    217 ; overlayable register banks
                                    218 ;--------------------------------------------------------
                                    219 	.area REG_BANK_0	(REL,OVR,DATA)
      000000                        220 	.ds 8
                                    221 ;--------------------------------------------------------
                                    222 ; internal ram data
                                    223 ;--------------------------------------------------------
                                    224 	.area DSEG    (DATA)
      000000                        225 _i::
      000000                        226 	.ds 1
      000001                        227 _x::
      000001                        228 	.ds 1
                                    229 ;--------------------------------------------------------
                                    230 ; overlayable items in internal ram 
                                    231 ;--------------------------------------------------------
                                    232 ;--------------------------------------------------------
                                    233 ; Stack segment in internal ram 
                                    234 ;--------------------------------------------------------
                                    235 	.area	SSEG
      000000                        236 __start__stack:
      000000                        237 	.ds	1
                                    238 
                                    239 ;--------------------------------------------------------
                                    240 ; indirectly addressable internal ram data
                                    241 ;--------------------------------------------------------
                                    242 	.area ISEG    (DATA)
                                    243 ;--------------------------------------------------------
                                    244 ; absolute internal ram data
                                    245 ;--------------------------------------------------------
                                    246 	.area IABS    (ABS,DATA)
                                    247 	.area IABS    (ABS,DATA)
                                    248 ;--------------------------------------------------------
                                    249 ; bit data
                                    250 ;--------------------------------------------------------
                                    251 	.area BSEG    (BIT)
                                    252 ;--------------------------------------------------------
                                    253 ; paged external ram data
                                    254 ;--------------------------------------------------------
                                    255 	.area PSEG    (PAG,XDATA)
                                    256 ;--------------------------------------------------------
                                    257 ; external ram data
                                    258 ;--------------------------------------------------------
                                    259 	.area XSEG    (XDATA)
                                    260 ;--------------------------------------------------------
                                    261 ; absolute external ram data
                                    262 ;--------------------------------------------------------
                                    263 	.area XABS    (ABS,XDATA)
                                    264 ;--------------------------------------------------------
                                    265 ; external initialized ram data
                                    266 ;--------------------------------------------------------
                                    267 	.area XISEG   (XDATA)
                                    268 	.area HOME    (CODE)
                                    269 	.area GSINIT0 (CODE)
                                    270 	.area GSINIT1 (CODE)
                                    271 	.area GSINIT2 (CODE)
                                    272 	.area GSINIT3 (CODE)
                                    273 	.area GSINIT4 (CODE)
                                    274 	.area GSINIT5 (CODE)
                                    275 	.area GSINIT  (CODE)
                                    276 	.area GSFINAL (CODE)
                                    277 	.area CSEG    (CODE)
                                    278 ;--------------------------------------------------------
                                    279 ; interrupt vector 
                                    280 ;--------------------------------------------------------
                                    281 	.area HOME    (CODE)
      000000                        282 __interrupt_vect:
      000000 02r00r00         [24]  283 	ljmp	__sdcc_gsinit_startup
                                    284 ;--------------------------------------------------------
                                    285 ; global & static initialisations
                                    286 ;--------------------------------------------------------
                                    287 	.area HOME    (CODE)
                                    288 	.area GSINIT  (CODE)
                                    289 	.area GSFINAL (CODE)
                                    290 	.area GSINIT  (CODE)
                                    291 	.globl __sdcc_gsinit_startup
                                    292 	.globl __sdcc_program_startup
                                    293 	.globl __start__stack
                                    294 	.globl __mcs51_genXINIT
                                    295 	.globl __mcs51_genXRAMCLEAR
                                    296 	.globl __mcs51_genRAMCLEAR
                                    297 	.area GSFINAL (CODE)
      000000 02r00r03         [24]  298 	ljmp	__sdcc_program_startup
                                    299 ;--------------------------------------------------------
                                    300 ; Home
                                    301 ;--------------------------------------------------------
                                    302 	.area HOME    (CODE)
                                    303 	.area HOME    (CODE)
      000003                        304 __sdcc_program_startup:
      000003 02r00r00         [24]  305 	ljmp	_main
                                    306 ;	return from main will return to caller
                                    307 ;--------------------------------------------------------
                                    308 ; code
                                    309 ;--------------------------------------------------------
                                    310 	.area CSEG    (CODE)
                                    311 ;------------------------------------------------------------
                                    312 ;Allocation info for local variables in function 'main'
                                    313 ;------------------------------------------------------------
                                    314 ;	lab9.c:3: int main() {
                                    315 ;	-----------------------------------------
                                    316 ;	 function main
                                    317 ;	-----------------------------------------
      000000                        318 _main:
                           000007   319 	ar7 = 0x07
                           000006   320 	ar6 = 0x06
                           000005   321 	ar5 = 0x05
                           000004   322 	ar4 = 0x04
                           000003   323 	ar3 = 0x03
                           000002   324 	ar2 = 0x02
                           000001   325 	ar1 = 0x01
                           000000   326 	ar0 = 0x00
                                    327 ;	lab9.c:5: x=1;
      000000 75*01 01         [24]  328 	mov	_x,#0x01
                                    329 ;	lab9.c:9: P1=~x;
      000003 75 90 FE         [24]  330 	mov	_P1,#0xfe
                                    331 ;	lab9.c:10: while(1) {
      000006                        332 00105$:
                                    333 ;	lab9.c:11: for(i=0;i<5;i++);
      000006 75*00 05         [24]  334 	mov	_i,#0x05
      000009                        335 00109$:
      000009 D5*00 FD         [24]  336 	djnz	_i,00109$
      00000C 75*00 05         [24]  337 	mov	_i,#0x05
                                    338 ;	lab9.c:12: P1=~x;
      00000F E5*01            [12]  339 	mov	a,_x
      000011 F4               [12]  340 	cpl	a
      000012 F5 90            [12]  341 	mov	_P1,a
                                    342 ;	lab9.c:13: x=x<<1;
      000014 E5*01            [12]  343 	mov	a,_x
      000016 25 E0            [12]  344 	add	a,acc
      000018 F5*01            [12]  345 	mov	_x,a
                                    346 ;	lab9.c:14: if(P1_7==0) {
      00001A 20 97 E9         [24]  347 	jb	_P1_7,00105$
                                    348 ;	lab9.c:15: x=1;
      00001D 75*01 01         [24]  349 	mov	_x,#0x01
                                    350 ;	lab9.c:19: return 0;
                                    351 ;	lab9.c:20: }
      000020 80 E4            [24]  352 	sjmp	00105$
                                    353 	.area CSEG    (CODE)
                                    354 	.area CONST   (CODE)
                                    355 	.area XINIT   (CODE)
                                    356 	.area CABS    (ABS,CODE)
