                                      1 ;--------------------------------------------------------
                                      2 ; File Created by SDCC : free open source ANSI-C Compiler
                                      3 ; Version 3.8.0 #10562 (Linux)
                                      4 ;--------------------------------------------------------
                                      5 	.module ex1
                                      6 	.optsdcc -mmcs51 --model-small
                                      7 	
                                      8 ;--------------------------------------------------------
                                      9 ; Public variables in this module
                                     10 ;--------------------------------------------------------
                                     11 	.globl _main
                                     12 	.globl _CY
                                     13 	.globl _AC
                                     14 	.globl _F0
                                     15 	.globl _RS1
                                     16 	.globl _RS0
                                     17 	.globl _OV
                                     18 	.globl _F1
                                     19 	.globl _P
                                     20 	.globl _PS
                                     21 	.globl _PT1
                                     22 	.globl _PX1
                                     23 	.globl _PT0
                                     24 	.globl _PX0
                                     25 	.globl _RD
                                     26 	.globl _WR
                                     27 	.globl _T1
                                     28 	.globl _T0
                                     29 	.globl _INT1
                                     30 	.globl _INT0
                                     31 	.globl _TXD
                                     32 	.globl _RXD
                                     33 	.globl _P3_7
                                     34 	.globl _P3_6
                                     35 	.globl _P3_5
                                     36 	.globl _P3_4
                                     37 	.globl _P3_3
                                     38 	.globl _P3_2
                                     39 	.globl _P3_1
                                     40 	.globl _P3_0
                                     41 	.globl _EA
                                     42 	.globl _ES
                                     43 	.globl _ET1
                                     44 	.globl _EX1
                                     45 	.globl _ET0
                                     46 	.globl _EX0
                                     47 	.globl _P2_7
                                     48 	.globl _P2_6
                                     49 	.globl _P2_5
                                     50 	.globl _P2_4
                                     51 	.globl _P2_3
                                     52 	.globl _P2_2
                                     53 	.globl _P2_1
                                     54 	.globl _P2_0
                                     55 	.globl _SM0
                                     56 	.globl _SM1
                                     57 	.globl _SM2
                                     58 	.globl _REN
                                     59 	.globl _TB8
                                     60 	.globl _RB8
                                     61 	.globl _TI
                                     62 	.globl _RI
                                     63 	.globl _P1_7
                                     64 	.globl _P1_6
                                     65 	.globl _P1_5
                                     66 	.globl _P1_4
                                     67 	.globl _P1_3
                                     68 	.globl _P1_2
                                     69 	.globl _P1_1
                                     70 	.globl _P1_0
                                     71 	.globl _TF1
                                     72 	.globl _TR1
                                     73 	.globl _TF0
                                     74 	.globl _TR0
                                     75 	.globl _IE1
                                     76 	.globl _IT1
                                     77 	.globl _IE0
                                     78 	.globl _IT0
                                     79 	.globl _P0_7
                                     80 	.globl _P0_6
                                     81 	.globl _P0_5
                                     82 	.globl _P0_4
                                     83 	.globl _P0_3
                                     84 	.globl _P0_2
                                     85 	.globl _P0_1
                                     86 	.globl _P0_0
                                     87 	.globl _B
                                     88 	.globl _ACC
                                     89 	.globl _PSW
                                     90 	.globl _IP
                                     91 	.globl _P3
                                     92 	.globl _IE
                                     93 	.globl _P2
                                     94 	.globl _SBUF
                                     95 	.globl _SCON
                                     96 	.globl _P1
                                     97 	.globl _TH1
                                     98 	.globl _TH0
                                     99 	.globl _TL1
                                    100 	.globl _TL0
                                    101 	.globl _TMOD
                                    102 	.globl _TCON
                                    103 	.globl _PCON
                                    104 	.globl _DPH
                                    105 	.globl _DPL
                                    106 	.globl _SP
                                    107 	.globl _P0
                                    108 	.globl _x
                                    109 	.globl _c
                                    110 	.globl _i
                                    111 	.globl _v
                                    112 ;--------------------------------------------------------
                                    113 ; special function registers
                                    114 ;--------------------------------------------------------
                                    115 	.area RSEG    (ABS,DATA)
      000000                        116 	.org 0x0000
                           000080   117 _P0	=	0x0080
                           000081   118 _SP	=	0x0081
                           000082   119 _DPL	=	0x0082
                           000083   120 _DPH	=	0x0083
                           000087   121 _PCON	=	0x0087
                           000088   122 _TCON	=	0x0088
                           000089   123 _TMOD	=	0x0089
                           00008A   124 _TL0	=	0x008a
                           00008B   125 _TL1	=	0x008b
                           00008C   126 _TH0	=	0x008c
                           00008D   127 _TH1	=	0x008d
                           000090   128 _P1	=	0x0090
                           000098   129 _SCON	=	0x0098
                           000099   130 _SBUF	=	0x0099
                           0000A0   131 _P2	=	0x00a0
                           0000A8   132 _IE	=	0x00a8
                           0000B0   133 _P3	=	0x00b0
                           0000B8   134 _IP	=	0x00b8
                           0000D0   135 _PSW	=	0x00d0
                           0000E0   136 _ACC	=	0x00e0
                           0000F0   137 _B	=	0x00f0
                                    138 ;--------------------------------------------------------
                                    139 ; special function bits
                                    140 ;--------------------------------------------------------
                                    141 	.area RSEG    (ABS,DATA)
      000000                        142 	.org 0x0000
                           000080   143 _P0_0	=	0x0080
                           000081   144 _P0_1	=	0x0081
                           000082   145 _P0_2	=	0x0082
                           000083   146 _P0_3	=	0x0083
                           000084   147 _P0_4	=	0x0084
                           000085   148 _P0_5	=	0x0085
                           000086   149 _P0_6	=	0x0086
                           000087   150 _P0_7	=	0x0087
                           000088   151 _IT0	=	0x0088
                           000089   152 _IE0	=	0x0089
                           00008A   153 _IT1	=	0x008a
                           00008B   154 _IE1	=	0x008b
                           00008C   155 _TR0	=	0x008c
                           00008D   156 _TF0	=	0x008d
                           00008E   157 _TR1	=	0x008e
                           00008F   158 _TF1	=	0x008f
                           000090   159 _P1_0	=	0x0090
                           000091   160 _P1_1	=	0x0091
                           000092   161 _P1_2	=	0x0092
                           000093   162 _P1_3	=	0x0093
                           000094   163 _P1_4	=	0x0094
                           000095   164 _P1_5	=	0x0095
                           000096   165 _P1_6	=	0x0096
                           000097   166 _P1_7	=	0x0097
                           000098   167 _RI	=	0x0098
                           000099   168 _TI	=	0x0099
                           00009A   169 _RB8	=	0x009a
                           00009B   170 _TB8	=	0x009b
                           00009C   171 _REN	=	0x009c
                           00009D   172 _SM2	=	0x009d
                           00009E   173 _SM1	=	0x009e
                           00009F   174 _SM0	=	0x009f
                           0000A0   175 _P2_0	=	0x00a0
                           0000A1   176 _P2_1	=	0x00a1
                           0000A2   177 _P2_2	=	0x00a2
                           0000A3   178 _P2_3	=	0x00a3
                           0000A4   179 _P2_4	=	0x00a4
                           0000A5   180 _P2_5	=	0x00a5
                           0000A6   181 _P2_6	=	0x00a6
                           0000A7   182 _P2_7	=	0x00a7
                           0000A8   183 _EX0	=	0x00a8
                           0000A9   184 _ET0	=	0x00a9
                           0000AA   185 _EX1	=	0x00aa
                           0000AB   186 _ET1	=	0x00ab
                           0000AC   187 _ES	=	0x00ac
                           0000AF   188 _EA	=	0x00af
                           0000B0   189 _P3_0	=	0x00b0
                           0000B1   190 _P3_1	=	0x00b1
                           0000B2   191 _P3_2	=	0x00b2
                           0000B3   192 _P3_3	=	0x00b3
                           0000B4   193 _P3_4	=	0x00b4
                           0000B5   194 _P3_5	=	0x00b5
                           0000B6   195 _P3_6	=	0x00b6
                           0000B7   196 _P3_7	=	0x00b7
                           0000B0   197 _RXD	=	0x00b0
                           0000B1   198 _TXD	=	0x00b1
                           0000B2   199 _INT0	=	0x00b2
                           0000B3   200 _INT1	=	0x00b3
                           0000B4   201 _T0	=	0x00b4
                           0000B5   202 _T1	=	0x00b5
                           0000B6   203 _WR	=	0x00b6
                           0000B7   204 _RD	=	0x00b7
                           0000B8   205 _PX0	=	0x00b8
                           0000B9   206 _PT0	=	0x00b9
                           0000BA   207 _PX1	=	0x00ba
                           0000BB   208 _PT1	=	0x00bb
                           0000BC   209 _PS	=	0x00bc
                           0000D0   210 _P	=	0x00d0
                           0000D1   211 _F1	=	0x00d1
                           0000D2   212 _OV	=	0x00d2
                           0000D3   213 _RS0	=	0x00d3
                           0000D4   214 _RS1	=	0x00d4
                           0000D5   215 _F0	=	0x00d5
                           0000D6   216 _AC	=	0x00d6
                           0000D7   217 _CY	=	0x00d7
                                    218 ;--------------------------------------------------------
                                    219 ; overlayable register banks
                                    220 ;--------------------------------------------------------
                                    221 	.area REG_BANK_0	(REL,OVR,DATA)
      000000                        222 	.ds 8
                                    223 ;--------------------------------------------------------
                                    224 ; internal ram data
                                    225 ;--------------------------------------------------------
                                    226 	.area DSEG    (DATA)
      000000                        227 _v::
      000000                        228 	.ds 10
      00000A                        229 _i::
      00000A                        230 	.ds 1
      00000B                        231 _c::
      00000B                        232 	.ds 1
      00000C                        233 _x::
      00000C                        234 	.ds 1
                                    235 ;--------------------------------------------------------
                                    236 ; overlayable items in internal ram 
                                    237 ;--------------------------------------------------------
                                    238 ;--------------------------------------------------------
                                    239 ; Stack segment in internal ram 
                                    240 ;--------------------------------------------------------
                                    241 	.area	SSEG
      000000                        242 __start__stack:
      000000                        243 	.ds	1
                                    244 
                                    245 ;--------------------------------------------------------
                                    246 ; indirectly addressable internal ram data
                                    247 ;--------------------------------------------------------
                                    248 	.area ISEG    (DATA)
                                    249 ;--------------------------------------------------------
                                    250 ; absolute internal ram data
                                    251 ;--------------------------------------------------------
                                    252 	.area IABS    (ABS,DATA)
                                    253 	.area IABS    (ABS,DATA)
                                    254 ;--------------------------------------------------------
                                    255 ; bit data
                                    256 ;--------------------------------------------------------
                                    257 	.area BSEG    (BIT)
                                    258 ;--------------------------------------------------------
                                    259 ; paged external ram data
                                    260 ;--------------------------------------------------------
                                    261 	.area PSEG    (PAG,XDATA)
                                    262 ;--------------------------------------------------------
                                    263 ; external ram data
                                    264 ;--------------------------------------------------------
                                    265 	.area XSEG    (XDATA)
                                    266 ;--------------------------------------------------------
                                    267 ; absolute external ram data
                                    268 ;--------------------------------------------------------
                                    269 	.area XABS    (ABS,XDATA)
                                    270 ;--------------------------------------------------------
                                    271 ; external initialized ram data
                                    272 ;--------------------------------------------------------
                                    273 	.area XISEG   (XDATA)
                                    274 	.area HOME    (CODE)
                                    275 	.area GSINIT0 (CODE)
                                    276 	.area GSINIT1 (CODE)
                                    277 	.area GSINIT2 (CODE)
                                    278 	.area GSINIT3 (CODE)
                                    279 	.area GSINIT4 (CODE)
                                    280 	.area GSINIT5 (CODE)
                                    281 	.area GSINIT  (CODE)
                                    282 	.area GSFINAL (CODE)
                                    283 	.area CSEG    (CODE)
                                    284 ;--------------------------------------------------------
                                    285 ; interrupt vector 
                                    286 ;--------------------------------------------------------
                                    287 	.area HOME    (CODE)
      000000                        288 __interrupt_vect:
      000000 02r00r00         [24]  289 	ljmp	__sdcc_gsinit_startup
                                    290 ;--------------------------------------------------------
                                    291 ; global & static initialisations
                                    292 ;--------------------------------------------------------
                                    293 	.area HOME    (CODE)
                                    294 	.area GSINIT  (CODE)
                                    295 	.area GSFINAL (CODE)
                                    296 	.area GSINIT  (CODE)
                                    297 	.globl __sdcc_gsinit_startup
                                    298 	.globl __sdcc_program_startup
                                    299 	.globl __start__stack
                                    300 	.globl __mcs51_genXINIT
                                    301 	.globl __mcs51_genXRAMCLEAR
                                    302 	.globl __mcs51_genRAMCLEAR
                                    303 	.area GSFINAL (CODE)
      000000 02r00r03         [24]  304 	ljmp	__sdcc_program_startup
                                    305 ;--------------------------------------------------------
                                    306 ; Home
                                    307 ;--------------------------------------------------------
                                    308 	.area HOME    (CODE)
                                    309 	.area HOME    (CODE)
      000003                        310 __sdcc_program_startup:
      000003 02r00r00         [24]  311 	ljmp	_main
                                    312 ;	return from main will return to caller
                                    313 ;--------------------------------------------------------
                                    314 ; code
                                    315 ;--------------------------------------------------------
                                    316 	.area CSEG    (CODE)
                                    317 ;------------------------------------------------------------
                                    318 ;Allocation info for local variables in function 'main'
                                    319 ;------------------------------------------------------------
                                    320 ;	ex1.c:4: int main() {
                                    321 ;	-----------------------------------------
                                    322 ;	 function main
                                    323 ;	-----------------------------------------
      000000                        324 _main:
                           000007   325 	ar7 = 0x07
                           000006   326 	ar6 = 0x06
                           000005   327 	ar5 = 0x05
                           000004   328 	ar4 = 0x04
                           000003   329 	ar3 = 0x03
                           000002   330 	ar2 = 0x02
                           000001   331 	ar1 = 0x01
                           000000   332 	ar0 = 0x00
                                    333 ;	ex1.c:5: v[0] = 0xC0;
      000000 75*00 C0         [24]  334 	mov	_v,#0xc0
                                    335 ;	ex1.c:6: v[1] = 0xF9;
      000003 75*01 F9         [24]  336 	mov	(_v + 0x0001),#0xf9
                                    337 ;	ex1.c:7: v[2] = 0xA4;
      000006 75*02 A4         [24]  338 	mov	(_v + 0x0002),#0xa4
                                    339 ;	ex1.c:8: v[3] = 0xB0;
      000009 75*03 B0         [24]  340 	mov	(_v + 0x0003),#0xb0
                                    341 ;	ex1.c:9: v[4] = 0x99;
      00000C 75*04 99         [24]  342 	mov	(_v + 0x0004),#0x99
                                    343 ;	ex1.c:10: v[5] = 0x92;
      00000F 75*05 92         [24]  344 	mov	(_v + 0x0005),#0x92
                                    345 ;	ex1.c:11: v[6] = 0x82;
      000012 75*06 82         [24]  346 	mov	(_v + 0x0006),#0x82
                                    347 ;	ex1.c:12: v[7] = 0xF8;
      000015 75*07 F8         [24]  348 	mov	(_v + 0x0007),#0xf8
                                    349 ;	ex1.c:13: v[8] = 0x80;
      000018 75*08 80         [24]  350 	mov	(_v + 0x0008),#0x80
                                    351 ;	ex1.c:14: v[9] = 0x90;
      00001B 75*09 90         [24]  352 	mov	(_v + 0x0009),#0x90
                                    353 ;	ex1.c:15: while(1) {
      00001E                        354 00106$:
                                    355 ;	ex1.c:16: P3 = 0xFF;
      00001E 75 B0 FF         [24]  356 	mov	_P3,#0xff
                                    357 ;	ex1.c:17: P3_6 = 0;
                                    358 ;	assignBit
      000021 C2 B6            [12]  359 	clr	_P3_6
                                    360 ;	ex1.c:18: P3_6 = 1; //front crescator pt activarea WR
                                    361 ;	assignBit
      000023 D2 B6            [12]  362 	setb	_P3_6
                                    363 ;	ex1.c:19: while(P3_2 == 1) ; //pt INTR
      000025                        364 00101$:
      000025 20 B2 FD         [24]  365 	jb	_P3_2,00101$
                                    366 ;	ex1.c:20: P3_7 = 0; //ma pregatesc de citire
                                    367 ;	assignBit
      000028 C2 B7            [12]  368 	clr	_P3_7
                                    369 ;	ex1.c:21: x = P2;
      00002A 85 A0*0C         [24]  370 	mov	_x,_P2
                                    371 ;	ex1.c:22: P3_7 = 1;
                                    372 ;	assignBit
      00002D D2 B7            [12]  373 	setb	_P3_7
                                    374 ;	ex1.c:23: c = x / 51;
      00002F AE*0C            [24]  375 	mov	r6,_x
      000031 7F 00            [12]  376 	mov	r7,#0x00
      000033 75*00 33         [24]  377 	mov	__divsint_PARM_2,#0x33
                                    378 ;	1-genFromRTrack replaced	mov	(__divsint_PARM_2 + 1),#0x00
      000036 8F*01            [24]  379 	mov	(__divsint_PARM_2 + 1),r7
      000038 8E 82            [24]  380 	mov	dpl,r6
      00003A 8F 83            [24]  381 	mov	dph,r7
      00003C 12r00r00         [24]  382 	lcall	__divsint
      00003F AE 82            [24]  383 	mov	r6,dpl
      000041 AF 83            [24]  384 	mov	r7,dph
      000043 8E*0B            [24]  385 	mov	_c,r6
                                    386 ;	ex1.c:24: P3 = 0x00;
      000045 75 B0 00         [24]  387 	mov	_P3,#0x00
                                    388 ;	ex1.c:25: P1 = v[c];
      000048 E5*0B            [12]  389 	mov	a,_c
      00004A 24r00            [12]  390 	add	a,#_v
      00004C F9               [12]  391 	mov	r1,a
      00004D 87 90            [24]  392 	mov	_P1,@r1
                                    393 ;	ex1.c:26: for(i=0; i<100; i++) ;
      00004F 75*0A 64         [24]  394 	mov	_i,#0x64
      000052                        395 00110$:
      000052 D5*0A FD         [24]  396 	djnz	_i,00110$
      000055 75*0A 64         [24]  397 	mov	_i,#0x64
                                    398 ;	ex1.c:27: P1 = 0xFF;
      000058 75 90 FF         [24]  399 	mov	_P1,#0xff
                                    400 ;	ex1.c:29: return 0;
                                    401 ;	ex1.c:30: }
      00005B 80 C1            [24]  402 	sjmp	00106$
                                    403 	.area CSEG    (CODE)
                                    404 	.area CONST   (CODE)
                                    405 	.area XINIT   (CODE)
                                    406 	.area CABS    (ABS,CODE)
